\BOOKMARK [1][-]{Doc-Start}{\376\377\004\022\004\062\004\065\004\064\004\065\004\075\004\070\004\065}{}% 1
\BOOKMARK [1][-]{Doc-Start}{\376\377\004\036\004\101\004\075\004\076\004\062\004\075\004\060\004\117\000\040\004\107\004\060\004\101\004\102\004\114}{}% 2
\BOOKMARK [1][-]{section.1}{\376\377\004\036\004\061\004\111\004\070\004\065\000\040\004\077\004\076\004\073\004\076\004\066\004\065\004\075\004\070\004\117}{}% 3
\BOOKMARK [2][-]{subsection.1.1}{\376\377\004\032\004\060\004\075\004\060\004\073\000\040\004\074\004\065\004\066\004\061\004\073\004\076\004\107\004\075\004\076\004\063\004\076\000\040\004\076\004\061\004\074\004\065\004\075\004\060\000\040\000\050\004\032\004\034\004\021\004\036\000\051}{section.1}% 4
\BOOKMARK [3][-]{subsubsection.1.1.1}{\376\377\004\036\004\101\004\075\004\076\004\062\004\075\004\113\004\065\000\040\004\105\004\060\004\100\004\060\004\072\004\102\004\065\004\100\004\070\004\101\004\102\004\070\004\072\004\070\000\040\004\072\004\060\004\075\004\060\004\073\004\060}{subsection.1.1}% 5
\BOOKMARK [3][-]{subsubsection.1.1.2}{\376\377\004\041\004\076\004\101\004\102\004\060\004\062\000\040\004\072\004\060\004\075\004\060\004\073\004\060}{subsection.1.1}% 6
\BOOKMARK [3][-]{subsubsection.1.1.3}{\376\377\004\044\004\076\004\100\004\074\004\060\004\102\004\113\000\040\004\072\004\060\004\064\004\100\004\076\004\062\000\040\004\070\004\075\004\104\004\076\004\100\004\074\004\060\004\106\004\070\004\076\004\075\004\075\004\076\004\063\004\076\000\040\004\076\004\061\004\074\004\065\004\075\004\060}{subsection.1.1}% 7
\BOOKMARK [3][-]{subsubsection.1.1.4}{\376\377\004\042\004\100\004\065\004\061\004\076\004\062\004\060\004\075\004\070\004\117\000\040\004\072\000\040\004\072\004\076\004\075\004\102\004\100\004\076\004\073\004\073\004\065\004\100\004\103}{subsection.1.1}% 8
\BOOKMARK [3][-]{subsubsection.1.1.5}{\376\377\004\042\004\100\004\065\004\061\004\076\004\062\004\060\004\075\004\070\004\117\000\040\004\072\000\040\004\076\004\072\004\076\004\075\004\065\004\107\004\075\004\076\004\074\004\103\000\040\004\103\004\101\004\102\004\100\004\076\004\071\004\101\004\102\004\062\004\103}{subsection.1.1}% 9
\BOOKMARK [2][-]{subsection.1.2}{\376\377\000U\000S\000B\000-\004\032\004\034\004\021\004\036}{section.1}% 10
\BOOKMARK [3][-]{subsubsection.1.2.1}{\376\377\004\036\004\061\004\111\004\065\004\065}{subsection.1.2}% 11
\BOOKMARK [3][-]{subsubsection.1.2.2}{\376\377\004\041\004\076\004\101\004\102\004\060\004\062\000\040\004\070\004\067\004\064\004\065\004\073\004\070\004\117}{subsection.1.2}% 12
\BOOKMARK [2][-]{subsection.1.3}{\376\377\000P\000C\000I\000-\004\032\004\034\004\021\004\036}{section.1}% 13
\BOOKMARK [3][-]{subsubsection.1.3.1}{\376\377\004\036\004\101\004\075\004\076\004\062\004\075\004\113\004\065\000\040\004\107\004\060\004\101\004\102\004\070}{subsection.1.3}% 14
\BOOKMARK [3][-]{subsubsection.1.3.2}{\376\377\004\040\004\065\004\066\004\070\004\074\004\113\000\040\004\070\004\067\004\064\004\065\004\073\004\070\004\117}{subsection.1.3}% 15
\BOOKMARK [2][-]{subsection.1.4}{\376\377\000E\000t\000h\000e\000r\000n\000e\000t\000-\004\032\004\034\004\021\004\036}{section.1}% 16
\BOOKMARK [3][-]{subsubsection.1.4.1}{\376\377\004\036\004\061\004\111\004\065\004\065}{subsection.1.4}% 17
\BOOKMARK [2][-]{subsection.1.5}{\376\377\004\022\004\113\004\062\004\076\004\064}{section.1}% 18
\BOOKMARK [1][-]{section.2}{\376\377\004\032\004\076\004\075\004\101\004\102\004\100\004\103\004\072\004\102\004\076\004\100\004\101\004\072\004\070\004\071\000\040\004\100\004\060\004\067\004\064\004\065\004\073}{}% 19
\BOOKMARK [2][-]{subsection.2.1}{\376\377\004\036\004\061\004\111\004\070\004\071\000\040\004\060\004\073\004\063\004\076\004\100\004\070\004\102\004\074}{section.2}% 20
\BOOKMARK [2][-]{subsection.2.2}{\376\377\000U\000S\000B}{section.2}% 21
\BOOKMARK [3][-]{subsubsection.2.2.1}{\376\377\004\044\004\103\004\075\004\072\004\106\004\070\004\117\000\040\004\070\004\075\004\070\004\106\004\070\004\060\004\073\004\070\004\067\004\060\004\106\004\070\004\070\000\040\000\050\000U\000S\000B\000\137\000O\000p\000e\000n\000\051}{subsection.2.2}% 22
\BOOKMARK [3][-]{subsubsection.2.2.2}{\376\377\004\037\004\100\004\065\004\072\004\100\004\060\004\111\004\065\004\075\004\070\004\065\000\040\004\100\004\060\004\061\004\076\004\102\004\113\000\040\004\101\000\040\000U\000S\000B\000\040\000\050\000U\000S\000B\000\137\000C\000l\000o\000s\000e\000\051}{subsection.2.2}% 23
\BOOKMARK [3][-]{subsubsection.2.2.3}{\376\377\004\044\004\103\004\075\004\072\004\106\004\070\004\117\000\040\004\067\004\060\004\077\004\070\004\101\004\070\000\040\004\064\004\060\004\075\004\075\004\113\004\105\000\040\004\062\000\040\004\103\004\101\004\102\004\100\004\076\004\071\004\101\004\102\004\062\004\076\000\040\000U\000S\000B\000-\004\032\004\034\004\021\004\036\000\040\000\050\000U\000S\000B\000\137\000W\000r\000i\000t\000e\000\051}{subsection.2.2}% 24
\BOOKMARK [3][-]{subsubsection.2.2.4}{\376\377\004\044\004\103\004\075\004\072\004\106\004\070\004\117\000\040\004\107\004\102\004\065\004\075\004\070\004\117\000\040\004\064\004\060\004\075\004\075\004\113\004\105\000\040\004\070\004\067\000\040\004\103\004\101\004\102\004\100\004\076\004\071\004\101\004\102\004\062\004\060\000\040\000U\000S\000B\000-\004\032\004\034\004\021\004\036\000\040\000\050\000U\000S\000B\000\137\000R\000e\000a\000d\000\051}{subsection.2.2}% 25
\BOOKMARK [2][-]{subsection.2.3}{\376\377\000P\000C\000I}{section.2}% 26
\BOOKMARK [3][-]{subsubsection.2.3.1}{\376\377\004\044\004\103\004\075\004\072\004\106\004\070\004\117\000\040\004\070\004\075\004\070\004\106\004\070\004\060\004\073\004\070\004\067\004\060\004\106\004\070\004\070\000\040\000\050\000P\000C\000I\000\137\000O\000p\000e\000n\000\051}{subsection.2.3}% 27
\BOOKMARK [3][-]{subsubsection.2.3.2}{\376\377\004\037\004\100\004\065\004\072\004\100\004\060\004\111\004\065\004\075\004\070\004\065\000\040\004\100\004\060\004\061\004\076\004\102\004\113\000\040\004\101\000\040\000P\000C\000I\000\040\000\050\000P\000C\000I\000\137\000C\000l\000o\000s\000e\000\051}{subsection.2.3}% 28
\BOOKMARK [3][-]{subsubsection.2.3.3}{\376\377\004\044\004\103\004\075\004\072\004\106\004\070\004\117\000\040\004\067\004\060\004\077\004\070\004\101\004\070\000\040\004\064\004\060\004\075\004\075\004\113\004\105\000\040\004\062\000\040\004\103\004\101\004\102\004\100\004\076\004\071\004\101\004\102\004\062\004\076\000\040\000P\000C\000I\000-\004\032\004\034\004\021\004\036\000\040\000\050\000P\000C\000I\000\137\000W\000r\000i\000t\000e\000\051}{subsection.2.3}% 29
\BOOKMARK [3][-]{subsubsection.2.3.4}{\376\377\004\044\004\103\004\075\004\072\004\106\004\070\004\117\000\040\004\107\004\102\004\065\004\075\004\070\004\117\000\040\004\064\004\060\004\075\004\075\004\113\004\105\000\040\004\070\004\067\000\040\004\103\004\101\004\102\004\100\004\076\004\071\004\101\004\102\004\062\004\060\000\040\000P\000C\000I\000-\004\032\004\034\004\021\004\036\000\040\000\050\000P\000C\000I\000\137\000R\000e\000a\000d\000\051}{subsection.2.3}% 30
\BOOKMARK [2][-]{subsection.2.4}{\376\377\000E\000t\000h\000e\000r\000n\000e\000t\000-\004\032\004\034\004\021\004\036}{section.2}% 31
\BOOKMARK [3][-]{subsubsection.2.4.1}{\376\377\004\044\004\103\004\075\004\072\004\106\004\070\004\117\000\040\004\070\004\075\004\070\004\106\004\070\004\060\004\073\004\070\004\067\004\060\004\106\004\070\004\070\000\040\000\050\000M\000C\000\137\000O\000p\000e\000n\000\051}{subsection.2.4}% 32
\BOOKMARK [3][-]{subsubsection.2.4.2}{\376\377\004\037\004\100\004\065\004\072\004\100\004\060\004\111\004\065\004\075\004\070\004\065\000\040\004\100\004\060\004\061\004\076\004\102\004\113\000\040\004\101\000\040\000M\000C\000\040\000\050\000M\000C\000\137\000C\000l\000o\000s\000e\000\051}{subsection.2.4}% 33
\BOOKMARK [3][-]{subsubsection.2.4.3}{\376\377\004\044\004\103\004\075\004\072\004\106\004\070\004\117\000\040\004\067\004\060\004\077\004\070\004\101\004\070\000\040\004\064\004\060\004\075\004\075\004\113\004\105\000\040\004\062\000\040\004\103\004\101\004\102\004\100\004\076\004\071\004\101\004\102\004\062\004\076\000\040\000M\000C\000-\004\032\004\034\004\021\004\036\000\040\000\050\000M\000C\000\137\000W\000r\000i\000t\000e\000\051}{subsection.2.4}% 34
\BOOKMARK [3][-]{subsubsection.2.4.4}{\376\377\004\044\004\103\004\075\004\072\004\106\004\070\004\117\000\040\004\107\004\102\004\065\004\075\004\070\004\117\000\040\004\064\004\060\004\075\004\075\004\113\004\105\000\040\004\070\004\067\000\040\004\103\004\101\004\102\004\100\004\076\004\071\004\101\004\102\004\062\004\060\000\040\000M\000C\000-\004\032\004\034\004\021\004\036\000\040\000\050\000M\000C\000\137\000R\000e\000a\000d\000\051}{subsection.2.4}% 35
\BOOKMARK [3][-]{subsubsection.2.4.5}{\376\377\004\044\004\103\004\075\004\072\004\106\004\070\004\117\000\040\004\070\004\075\004\070\004\106\004\070\004\060\004\073\004\070\004\067\004\060\004\106\004\070\004\070\000\040\004\101\004\076\004\072\004\065\004\102\004\060\000\040\004\034\004\032\004\030\004\036\000\040\000\050\000I\000n\000i\000t\000\051}{subsection.2.4}% 36
\BOOKMARK [3][-]{subsubsection.2.4.6}{\376\377\004\044\004\103\004\075\004\072\004\106\004\070\004\117\000\040\004\070\004\075\004\070\004\106\004\070\004\060\004\073\004\070\004\067\004\060\004\106\004\070\004\070\000\040\004\101\004\076\004\072\004\065\004\102\004\060\000\040\004\032\004\034\004\021\004\036\000\040\000\050\000I\000n\000i\000t\000C\000o\000m\000\137\000K\000m\000b\000o\000\051}{subsection.2.4}% 37
\BOOKMARK [2][-]{subsection.2.5}{\376\377\004\022\004\113\004\062\004\076\004\064}{section.2}% 38
\BOOKMARK [1][-]{section.3}{\376\377\004\042\004\065\004\105\004\075\004\076\004\073\004\076\004\063\004\070\004\107\004\065\004\101\004\072\004\070\004\071\000\040\004\100\004\060\004\067\004\064\004\065\004\073}{}% 39
\BOOKMARK [2][-]{subsection.3.1}{\376\377\004\057\004\067\004\113\004\072\000\040\004\077\004\100\004\076\004\063\004\100\004\060\004\074\004\074\004\070\004\100\004\076\004\062\004\060\004\075\004\070\004\117}{section.3}% 40
\BOOKMARK [2][-]{subsection.3.2}{\376\377\004\030\004\101\004\077\004\076\004\073\004\114\004\067\004\103\004\065\004\074\004\113\004\065\000\040\004\072\004\073\004\060\004\101\004\101\004\113}{section.3}% 41
\BOOKMARK [2][-]{subsection.3.3}{\376\377\004\030\004\101\004\077\004\076\004\073\004\114\004\067\004\103\004\065\004\074\004\113\004\065\000\040\004\072\004\073\004\060\004\101\004\101\004\113}{section.3}% 42
\BOOKMARK [2][-]{subsection.3.4}{\376\377\004\022\004\113\004\062\004\076\004\064}{section.3}% 43
\BOOKMARK [1][-]{subsection.3.4}{\376\377\004\027\004\060\004\072\004\073\004\116\004\107\004\065\004\075\004\070\004\065}{}% 44
\BOOKMARK [1][-]{subsection.3.4}{\376\377\004\033\004\070\004\102\004\065\004\100\004\060\004\102\004\103\004\100\004\060}{}% 45
\BOOKMARK [1][-]{subsection.3.4}{\376\377\004\037\004\100\004\070\004\073\004\076\004\066\004\065\004\075\004\070\004\065\000\040\004\020}{}% 46
\BOOKMARK [1][-]{lstnumber.1.167}{\376\377\004\037\004\100\004\070\004\073\004\076\004\066\004\065\004\075\004\070\004\065\000\040\004\021}{}% 47
\BOOKMARK [1][-]{lstnumber.2.388}{\376\377\004\037\004\100\004\070\004\073\004\076\004\066\004\065\004\075\004\070\004\065\000\040\004\022}{}% 48
\BOOKMARK [1][-]{lstnumber.3.124}{\376\377\004\037\004\100\004\070\004\073\004\076\004\066\004\065\004\075\004\070\004\065\000\040\004\023}{}% 49
\BOOKMARK [1][-]{lstnumber.4.167}{\376\377\004\037\004\100\004\070\004\073\004\076\004\066\004\065\004\075\004\070\004\065\000\040\004\024}{}% 50
